<<<<<<< Upstream, based on origin/master
<<<<<<< Upstream, based on origin/master
[2013-11-12 11:16:48] request.ERROR: Uncaught PHP Exception Symfony\Component\HttpKernel\Exception\NotFoundHttpException: "No route found for "GET /"" at /home/crysthiano/git/RodoSul/vendor/symfony/symfony/src/Symfony/Component/HttpKernel/EventListener/RouterListener.php line 116 {"exception":"[object] (Symfony\\Component\\HttpKernel\\Exception\\NotFoundHttpException: No route found for \"GET /\" at /home/crysthiano/git/RodoSul/vendor/symfony/symfony/src/Symfony/Component/HttpKernel/EventListener/RouterListener.php:116, Symfony\\Component\\Routing\\Exception\\ResourceNotFoundException:  at /home/crysthiano/git/RodoSul/app/cache/prod/appProdUrlMatcher.php:33)"} []
[2013-11-12 11:17:05] request.ERROR: Uncaught PHP Exception Symfony\Component\HttpKernel\Exception\NotFoundHttpException: "No route found for "GET /demo/hello/crysthiano"" at /home/crysthiano/git/RodoSul/vendor/symfony/symfony/src/Symfony/Component/HttpKernel/EventListener/RouterListener.php line 116 {"exception":"[object] (Symfony\\Component\\HttpKernel\\Exception\\NotFoundHttpException: No route found for \"GET /demo/hello/crysthiano\" at /home/crysthiano/git/RodoSul/vendor/symfony/symfony/src/Symfony/Component/HttpKernel/EventListener/RouterListener.php:116, Symfony\\Component\\Routing\\Exception\\ResourceNotFoundException:  at /home/crysthiano/git/RodoSul/app/cache/prod/appProdUrlMatcher.php:33)"} []
=======
=======
<<<<<<< HEAD
<<<<<<< Upstream, based on origin/master
>>>>>>> 3145dd1 teste
=======
<<<<<<< HEAD
>>>>>>> b2641f5 resolve conflito
[2013-11-13 00:57:01] request.ERROR: Uncaught PHP Exception Symfony\Component\HttpKernel\Exception\NotFoundHttpException: "No route found for "GET /"" at /home/crysthiano/git/RodoSul/vendor/symfony/symfony/src/Symfony/Component/HttpKernel/EventListener/RouterListener.php line 116 {"exception":"[object] (Symfony\\Component\\HttpKernel\\Exception\\NotFoundHttpException: No route found for \"GET /\" at /home/crysthiano/git/RodoSul/vendor/symfony/symfony/src/Symfony/Component/HttpKernel/EventListener/RouterListener.php:116, Symfony\\Component\\Routing\\Exception\\ResourceNotFoundException:  at /home/crysthiano/git/RodoSul/app/cache/prod/appProdUrlMatcher.php:38)"} []
[2013-11-13 01:24:55] request.ERROR: Uncaught PHP Exception Symfony\Component\HttpKernel\Exception\NotFoundHttpException: "No route found for "GET /bundles/framework/images/input_bg.gif"" at /home/crysthiano/git/RodoSul/vendor/symfony/symfony/src/Symfony/Component/HttpKernel/EventListener/RouterListener.php line 116 {"exception":"[object] (Symfony\\Component\\HttpKernel\\Exception\\NotFoundHttpException: No route found for \"GET /bundles/framework/images/input_bg.gif\" at /home/crysthiano/git/RodoSul/vendor/symfony/symfony/src/Symfony/Component/HttpKernel/EventListener/RouterListener.php:116, Symfony\\Component\\Routing\\Exception\\ResourceNotFoundException:  at /home/crysthiano/git/RodoSul/app/cache/prod/appProdUrlMatcher.php:38)"} []
[2013-11-13 02:53:09] request.ERROR: Uncaught PHP Exception Symfony\Component\HttpKernel\Exception\NotFoundHttpException: "No route found for "GET /"" at /home/crysthiano/git/RodoSul/app/cache/prod/classes.php line 1883 {"exception":"[object] (Symfony\\Component\\HttpKernel\\Exception\\NotFoundHttpException: No route found for \"GET /\" at /home/crysthiano/git/RodoSul/app/cache/prod/classes.php:1883, Symfony\\Component\\Routing\\Exception\\ResourceNotFoundException:  at /home/crysthiano/git/RodoSul/app/cache/prod/appProdUrlMatcher.php:38)"} []
[2013-11-13 02:53:31] request.ERROR: Uncaught PHP Exception Symfony\Component\HttpKernel\Exception\NotFoundHttpException: "No route found for "GET /"" at /home/crysthiano/git/RodoSul/app/cache/prod/classes.php line 1883 {"exception":"[object] (Symfony\\Component\\HttpKernel\\Exception\\NotFoundHttpException: No route found for \"GET /\" at /home/crysthiano/git/RodoSul/app/cache/prod/classes.php:1883, Symfony\\Component\\Routing\\Exception\\ResourceNotFoundException:  at /home/crysthiano/git/RodoSul/app/cache/prod/appProdUrlMatcher.php:38)"} []
<<<<<<< Upstream, based on origin/master
>>>>>>> e61c1ce estudo symfony
=======
=======
[2013-11-12 11:16:48] request.ERROR: Uncaught PHP Exception Symfony\Component\HttpKernel\Exception\NotFoundHttpException: "No route found for "GET /"" at /home/crysthiano/git/RodoSul/vendor/symfony/symfony/src/Symfony/Component/HttpKernel/EventListener/RouterListener.php line 116 {"exception":"[object] (Symfony\\Component\\HttpKernel\\Exception\\NotFoundHttpException: No route found for \"GET /\" at /home/crysthiano/git/RodoSul/vendor/symfony/symfony/src/Symfony/Component/HttpKernel/EventListener/RouterListener.php:116, Symfony\\Component\\Routing\\Exception\\ResourceNotFoundException:  at /home/crysthiano/git/RodoSul/app/cache/prod/appProdUrlMatcher.php:33)"} []
[2013-11-12 11:17:05] request.ERROR: Uncaught PHP Exception Symfony\Component\HttpKernel\Exception\NotFoundHttpException: "No route found for "GET /demo/hello/crysthiano"" at /home/crysthiano/git/RodoSul/vendor/symfony/symfony/src/Symfony/Component/HttpKernel/EventListener/RouterListener.php line 116 {"exception":"[object] (Symfony\\Component\\HttpKernel\\Exception\\NotFoundHttpException: No route found for \"GET /demo/hello/crysthiano\" at /home/crysthiano/git/RodoSul/vendor/symfony/symfony/src/Symfony/Component/HttpKernel/EventListener/RouterListener.php:116, Symfony\\Component\\Routing\\Exception\\ResourceNotFoundException:  at /home/crysthiano/git/RodoSul/app/cache/prod/appProdUrlMatcher.php:33)"} []
>>>>>>> branch 'master' of https://github.com/crysthianophp/RodoSul.git
<<<<<<< Upstream, based on origin/master
>>>>>>> 3145dd1 teste
=======
=======
[2013-11-12 11:16:48] request.ERROR: Uncaught PHP Exception Symfony\Component\HttpKernel\Exception\NotFoundHttpException: "No route found for "GET /"" at /home/crysthiano/git/RodoSul/vendor/symfony/symfony/src/Symfony/Component/HttpKernel/EventListener/RouterListener.php line 116 {"exception":"[object] (Symfony\\Component\\HttpKernel\\Exception\\NotFoundHttpException: No route found for \"GET /\" at /home/crysthiano/git/RodoSul/vendor/symfony/symfony/src/Symfony/Component/HttpKernel/EventListener/RouterListener.php:116, Symfony\\Component\\Routing\\Exception\\ResourceNotFoundException:  at /home/crysthiano/git/RodoSul/app/cache/prod/appProdUrlMatcher.php:33)"} []
[2013-11-12 11:17:05] request.ERROR: Uncaught PHP Exception Symfony\Component\HttpKernel\Exception\NotFoundHttpException: "No route found for "GET /demo/hello/crysthiano"" at /home/crysthiano/git/RodoSul/vendor/symfony/symfony/src/Symfony/Component/HttpKernel/EventListener/RouterListener.php line 116 {"exception":"[object] (Symfony\\Component\\HttpKernel\\Exception\\NotFoundHttpException: No route found for \"GET /demo/hello/crysthiano\" at /home/crysthiano/git/RodoSul/vendor/symfony/symfony/src/Symfony/Component/HttpKernel/EventListener/RouterListener.php:116, Symfony\\Component\\Routing\\Exception\\ResourceNotFoundException:  at /home/crysthiano/git/RodoSul/app/cache/prod/appProdUrlMatcher.php:33)"} []
>>>>>>> branch 'master' of https://github.com/crysthianophp/RodoSul.git
>>>>>>> b2641f5 resolve conflito
